<?xml version="1.0" encoding="UTF-8"?>
<robot generator="Robot 6.0.2 (Python 3.11.1 on win32)" generated="20230320 18:40:07.992" rpa="false" schemaversion="3">
<suite id="s1" name="Consulta Petz" source="C:\Users\railton.oliveira\PycharmProjects\133PetsRobotFramework\venv\consulta_petz.robot">
<test id="s1-t1" name="Consulta Produto com Clique na Lupa" line="15">
<kw name="Dado que acesso o site como cliente">
<kw name="Open Browser" library="SeleniumLibrary">
<arg>${url}</arg>
<arg>${browser}</arg>
<doc>Opens a new browser instance to the optional ``url``.</doc>
<msg timestamp="20230320 18:40:08.160" level="INFO">Opening browser 'Chrome' to base url 'https://www.petz.com.br'.</msg>
<status status="PASS" starttime="20230320 18:40:08.159" endtime="20230320 18:40:16.090"/>
</kw>
<status status="PASS" starttime="20230320 18:40:08.159" endtime="20230320 18:40:16.090"/>
</kw>
<kw name="Quando escrevo &quot;ração&quot; na barra de pesquisa" sourcename="Quando escrevo &quot;${palavra_chave}&quot; na barra de pesquisa">
<kw name="Set Test Variable" library="BuiltIn">
<arg>${palavra_chave}</arg>
<doc>Makes a variable available everywhere within the scope of the current test.</doc>
<msg timestamp="20230320 18:40:16.091" level="INFO">${palavra_chave} = ração</msg>
<status status="PASS" starttime="20230320 18:40:16.091" endtime="20230320 18:40:16.091"/>
</kw>
<kw name="Input Text" library="SeleniumLibrary">
<arg>name = q</arg>
<arg>${palavra_chave}</arg>
<doc>Types the given ``text`` into the text field identified by ``locator``.</doc>
<msg timestamp="20230320 18:40:16.092" level="INFO">Typing text 'ração' into text field 'name = q'.</msg>
<status status="PASS" starttime="20230320 18:40:16.091" endtime="20230320 18:40:16.187"/>
</kw>
<status status="PASS" starttime="20230320 18:40:16.090" endtime="20230320 18:40:16.187"/>
</kw>
<kw name="E clico no botao da lupa">
<kw name="Click Button" library="SeleniumLibrary">
<arg>class = button-search</arg>
<doc>Clicks the button identified by ``locator``.</doc>
<msg timestamp="20230320 18:40:16.189" level="INFO">Clicking button 'class = button-search'.</msg>
<status status="PASS" starttime="20230320 18:40:16.188" endtime="20230320 18:40:21.054"/>
</kw>
<status status="PASS" starttime="20230320 18:40:16.187" endtime="20230320 18:40:21.055"/>
</kw>
<kw name="Entao exibe um grid e a frase do resultado esperado">
<kw name="Element Should Contain" library="SeleniumLibrary">
<arg>css = h1.title</arg>
<arg>Resultados para "${palavra_chave}"</arg>
<doc>Verifies that element ``locator`` contains text ``expected``.</doc>
<msg timestamp="20230320 18:40:21.079" level="INFO">Element 'css = h1.title' contains text 'Resultados para "ração"'.</msg>
<status status="PASS" starttime="20230320 18:40:21.055" endtime="20230320 18:40:21.079"/>
</kw>
<status status="PASS" starttime="20230320 18:40:21.055" endtime="20230320 18:40:21.079"/>
</kw>
<kw name="Feche o browser">
<kw name="Close Browser" library="SeleniumLibrary">
<doc>Closes the current browser.</doc>
<status status="PASS" starttime="20230320 18:40:21.080" endtime="20230320 18:40:23.209"/>
</kw>
<status status="PASS" starttime="20230320 18:40:21.079" endtime="20230320 18:40:23.210"/>
</kw>
<kw name="Close Browser" library="SeleniumLibrary" type="TEARDOWN">
<doc>Closes the current browser.</doc>
<status status="PASS" starttime="20230320 18:40:23.210" endtime="20230320 18:40:23.210"/>
</kw>
<tag>rapido</tag>
<status status="PASS" starttime="20230320 18:40:08.159" endtime="20230320 18:40:23.210"/>
</test>
<test id="s1-t2" name="Consulta Produto Apertando Enter" line="23">
<kw name="Dado que acesso o site como cliente">
<kw name="Open Browser" library="SeleniumLibrary">
<arg>${url}</arg>
<arg>${browser}</arg>
<doc>Opens a new browser instance to the optional ``url``.</doc>
<msg timestamp="20230320 18:40:23.211" level="INFO">Opening browser 'Chrome' to base url 'https://www.petz.com.br'.</msg>
<status status="PASS" starttime="20230320 18:40:23.211" endtime="20230320 18:40:28.803"/>
</kw>
<status status="PASS" starttime="20230320 18:40:23.211" endtime="20230320 18:40:28.803"/>
</kw>
<kw name="Quando escrevo &quot;coleira&quot; na barra de pesquisa" sourcename="Quando escrevo &quot;${palavra_chave}&quot; na barra de pesquisa">
<kw name="Set Test Variable" library="BuiltIn">
<arg>${palavra_chave}</arg>
<doc>Makes a variable available everywhere within the scope of the current test.</doc>
<msg timestamp="20230320 18:40:28.804" level="INFO">${palavra_chave} = coleira</msg>
<status status="PASS" starttime="20230320 18:40:28.804" endtime="20230320 18:40:28.804"/>
</kw>
<kw name="Input Text" library="SeleniumLibrary">
<arg>name = q</arg>
<arg>${palavra_chave}</arg>
<doc>Types the given ``text`` into the text field identified by ``locator``.</doc>
<msg timestamp="20230320 18:40:28.805" level="INFO">Typing text 'coleira' into text field 'name = q'.</msg>
<status status="PASS" starttime="20230320 18:40:28.804" endtime="20230320 18:40:28.924"/>
</kw>
<status status="PASS" starttime="20230320 18:40:28.803" endtime="20230320 18:40:28.925"/>
</kw>
<kw name="E aperto a tecla Enter">
<kw name="Press Keys" library="SeleniumLibrary">
<arg>name = q</arg>
<arg>ENTER</arg>
<doc>Simulates the user pressing key(s) to an element or on the active browser.</doc>
<msg timestamp="20230320 18:40:28.926" level="INFO">Sending key(s) ('ENTER',) to name = q element.</msg>
<msg timestamp="20230320 18:40:30.052" level="INFO">Pressing special key ENTER to element.</msg>
<msg timestamp="20230320 18:40:30.053" level="INFO">Releasing special key ENTER.</msg>
<status status="PASS" starttime="20230320 18:40:28.925" endtime="20230320 18:40:35.540"/>
</kw>
<status status="PASS" starttime="20230320 18:40:28.925" endtime="20230320 18:40:35.540"/>
</kw>
<kw name="Entao exibe um grid e a frase do resultado esperado">
<kw name="Element Should Contain" library="SeleniumLibrary">
<arg>css = h1.title</arg>
<arg>Resultados para "${palavra_chave}"</arg>
<doc>Verifies that element ``locator`` contains text ``expected``.</doc>
<msg timestamp="20230320 18:40:35.565" level="INFO">Element 'css = h1.title' contains text 'Resultados para "coleira"'.</msg>
<status status="PASS" starttime="20230320 18:40:35.541" endtime="20230320 18:40:35.565"/>
</kw>
<status status="PASS" starttime="20230320 18:40:35.541" endtime="20230320 18:40:35.566"/>
</kw>
<kw name="Feche o browser">
<kw name="Close Browser" library="SeleniumLibrary">
<doc>Closes the current browser.</doc>
<status status="PASS" starttime="20230320 18:40:35.566" endtime="20230320 18:40:37.740"/>
</kw>
<status status="PASS" starttime="20230320 18:40:35.566" endtime="20230320 18:40:37.740"/>
</kw>
<kw name="Close Browser" library="SeleniumLibrary" type="TEARDOWN">
<doc>Closes the current browser.</doc>
<status status="PASS" starttime="20230320 18:40:37.740" endtime="20230320 18:40:37.741"/>
</kw>
<tag>rapido</tag>
<status status="PASS" starttime="20230320 18:40:23.210" endtime="20230320 18:40:37.741"/>
</test>
<doc>Consultas no site da Petz</doc>
<status status="PASS" starttime="20230320 18:40:07.994" endtime="20230320 18:40:37.742"/>
</suite>
<statistics>
<total>
<stat pass="2" fail="0" skip="0">All Tests</stat>
</total>
<tag>
<stat pass="2" fail="0" skip="0">rapido</stat>
</tag>
<suite>
<stat pass="2" fail="0" skip="0" id="s1" name="Consulta Petz">Consulta Petz</stat>
</suite>
</statistics>
<errors>
</errors>
</robot>
